Using pre-set license
Built from '2022.3/staging' branch; Version is '2022.3.41f1 (0f988161febf) revision 1022081'; Using compiler version '192829333'; Build Type 'Release'
OS: 'Windows 11  (10.0.22631) 64bit Core' Language: 'ko' Physical Memory: 16107 MB
BatchMode: 1, IsHumanControllingUs: 0, StartBugReporterOnCrash: 0, Is64bit: 1, IsPro: 1

COMMAND LINE ARGUMENTS:
C:\Program Files\Unity\Hub\Editor\2022.3.41f1\Editor\Unity.exe
-adb2
-batchMode
-noUpm
-name
AssetImportWorker1
-projectPath
C:/Users/shdml/OneDrive/Desktop/Unity/Program
-logFile
Logs/AssetImportWorker1.log
-srvPort
50889
Successfully changed project path to: C:/Users/shdml/OneDrive/Desktop/Unity/Program
C:/Users/shdml/OneDrive/Desktop/Unity/Program
[UnityMemory] Configuration Parameters - Can be set up in boot.config
    "memorysetup-bucket-allocator-granularity=16"
    "memorysetup-bucket-allocator-bucket-count=8"
    "memorysetup-bucket-allocator-block-size=33554432"
    "memorysetup-bucket-allocator-block-count=8"
    "memorysetup-main-allocator-block-size=16777216"
    "memorysetup-thread-allocator-block-size=16777216"
    "memorysetup-gfx-main-allocator-block-size=16777216"
    "memorysetup-gfx-thread-allocator-block-size=16777216"
    "memorysetup-cache-allocator-block-size=4194304"
    "memorysetup-typetree-allocator-block-size=2097152"
    "memorysetup-profiler-bucket-allocator-granularity=16"
    "memorysetup-profiler-bucket-allocator-bucket-count=8"
    "memorysetup-profiler-bucket-allocator-block-size=33554432"
    "memorysetup-profiler-bucket-allocator-block-count=8"
    "memorysetup-profiler-allocator-block-size=16777216"
    "memorysetup-profiler-editor-allocator-block-size=1048576"
    "memorysetup-temp-allocator-size-main=16777216"
    "memorysetup-job-temp-allocator-block-size=2097152"
    "memorysetup-job-temp-allocator-block-size-background=1048576"
    "memorysetup-job-temp-allocator-reduction-small-platforms=262144"
    "memorysetup-allocator-temp-initial-block-size-main=262144"
    "memorysetup-allocator-temp-initial-block-size-worker=262144"
    "memorysetup-temp-allocator-size-background-worker=32768"
    "memorysetup-temp-allocator-size-job-worker=262144"
    "memorysetup-temp-allocator-size-preload-manager=33554432"
    "memorysetup-temp-allocator-size-nav-mesh-worker=65536"
    "memorysetup-temp-allocator-size-audio-worker=65536"
    "memorysetup-temp-allocator-size-cloud-worker=32768"
    "memorysetup-temp-allocator-size-gi-baking-worker=262144"
    "memorysetup-temp-allocator-size-gfx=262144"
Player connection [12004]  Target information:

Player connection [12004]  * "[IP] 192.168.123.105 [Port] 0 [Flags] 2 [Guid] 4014914189 [EditorId] 4014914189 [Version] 1048832 [Id] WindowsEditor(7,LAPTOP-9PPQM49V) [Debug] 1 [PackageName] WindowsEditor [ProjectName] Editor" 

Player connection [12004] Host joined multi-casting on [225.0.0.222:54997]...
Player connection [12004] Host joined alternative multi-casting on [225.0.0.222:34997]...
[PhysX] Initialized MultithreadedTaskDispatcher with 8 workers.
Refreshing native plugins compatible for Editor in 2020.59 ms, found 3 plugins.
Preloading 0 native plugins for Editor in 0.00 ms.
Initialize engine version: 2022.3.41f1 (0f988161febf)
[Subsystems] Discovering subsystems at path C:/Program Files/Unity/Hub/Editor/2022.3.41f1/Editor/Data/Resources/UnitySubsystems
[Subsystems] Discovering subsystems at path C:/Users/shdml/OneDrive/Desktop/Unity/Program/Assets
GfxDevice: creating device client; threaded=0; jobified=0
Direct3D:
    Version:  Direct3D 11.0 [level 11.1]
    Renderer: NVIDIA GeForce MX450 (ID=0x1f97)
    Vendor:   NVIDIA
    VRAM:     1928 MB
    Driver:   30.0.14.7118
Initialize mono
Mono path[0] = 'C:/Program Files/Unity/Hub/Editor/2022.3.41f1/Editor/Data/Managed'
Mono path[1] = 'C:/Program Files/Unity/Hub/Editor/2022.3.41f1/Editor/Data/MonoBleedingEdge/lib/mono/unityjit-win32'
Mono config path = 'C:/Program Files/Unity/Hub/Editor/2022.3.41f1/Editor/Data/MonoBleedingEdge/etc'
Using monoOptions --debugger-agent=transport=dt_socket,embedding=1,server=y,suspend=n,address=127.0.0.1:56748
Begin MonoManager ReloadAssembly
Registering precompiled unity dll's ...
Register platform support module: C:/Program Files/Unity/Hub/Editor/2022.3.41f1/Editor/Data/PlaybackEngines/WindowsStandaloneSupport/UnityEditor.WindowsStandalone.Extensions.dll
Registered in 0.232201 seconds.
- Loaded All Assemblies, in  7.897 seconds
Native extension for WindowsStandalone target not found
Mono: successfully reloaded assembly
- Finished resetting the current domain, in  0.348 seconds
Domain Reload Profiling: 8243ms
	BeginReloadAssembly (5949ms)
		ExecutionOrderSort (0ms)
		DisableScriptedObjects (0ms)
		BackupInstance (0ms)
		ReleaseScriptingObjects (0ms)
		CreateAndSetChildDomain (1ms)
	RebuildCommonClasses (521ms)
	RebuildNativeTypeToScriptingClass (13ms)
	initialDomainReloadingComplete (291ms)
	LoadAllAssembliesAndSetupDomain (1122ms)
		LoadAssemblies (5947ms)
		RebuildTransferFunctionScriptingTraits (0ms)
		AnalyzeDomain (1120ms)
			TypeCache.Refresh (1118ms)
				TypeCache.ScanAssembly (759ms)
			ScanForSourceGeneratedMonoScriptInfo (1ms)
			ResolveRequiredComponents (1ms)
	FinalizeReload (348ms)
		ReleaseScriptCaches (0ms)
		RebuildScriptCaches (0ms)
		SetupLoadedEditorAssemblies (282ms)
			LogAssemblyErrors (0ms)
			InitializePlatformSupportModulesInManaged (11ms)
			SetLoadedEditorAssemblies (9ms)
			RefreshPlugins (0ms)
			BeforeProcessingInitializeOnLoad (3ms)
			ProcessInitializeOnLoadAttributes (196ms)
			ProcessInitializeOnLoadMethodAttributes (64ms)
			AfterProcessingInitializeOnLoad (0ms)
			EditorAssembliesLoaded (0ms)
		ExecutionOrderSort2 (0ms)
		AwakeInstancesAfterBackupRestoration (0ms)
========================================================================
Worker process is ready to serve import requests
Caller must complete domain reload
Begin MonoManager ReloadAssembly
- Loaded All Assemblies, in  7.363 seconds
Native extension for WindowsStandalone target not found
Package Manager log level set to [2]
[Package Manager] Server::EnsureServerProcessIsRunning -- launch failed, reason: Unity was launched with the -noUpm command-line argument
[Package Manager] UpmClient::Send -- Unable to send message (not connected to UPM process).
[Package Manager] Cannot connect to Unity Package Manager local server
Mono: successfully reloaded assembly
- Finished resetting the current domain, in  0.771 seconds
Domain Reload Profiling: 8132ms
	BeginReloadAssembly (203ms)
		ExecutionOrderSort (0ms)
		DisableScriptedObjects (6ms)
		BackupInstance (0ms)
		ReleaseScriptingObjects (0ms)
		CreateAndSetChildDomain (31ms)
	RebuildCommonClasses (54ms)
	RebuildNativeTypeToScriptingClass (16ms)
	initialDomainReloadingComplete (51ms)
	LoadAllAssembliesAndSetupDomain (7037ms)
		LoadAssemblies (6258ms)
		RebuildTransferFunctionScriptingTraits (0ms)
		AnalyzeDomain (885ms)
			TypeCache.Refresh (861ms)
				TypeCache.ScanAssembly (759ms)
			ScanForSourceGeneratedMonoScriptInfo (17ms)
			ResolveRequiredComponents (7ms)
	FinalizeReload (771ms)
		ReleaseScriptCaches (0ms)
		RebuildScriptCaches (0ms)
		SetupLoadedEditorAssemblies (583ms)
			LogAssemblyErrors (0ms)
			InitializePlatformSupportModulesInManaged (6ms)
			SetLoadedEditorAssemblies (5ms)
			RefreshPlugins (0ms)
			BeforeProcessingInitializeOnLoad (72ms)
			ProcessInitializeOnLoadAttributes (466ms)
			ProcessInitializeOnLoadMethodAttributes (29ms)
			AfterProcessingInitializeOnLoad (5ms)
			EditorAssembliesLoaded (0ms)
		ExecutionOrderSort2 (0ms)
		AwakeInstancesAfterBackupRestoration (8ms)
Launched and connected shader compiler UnityShaderCompiler.exe after 0.08 seconds
Refreshing native plugins compatible for Editor in 5.18 ms, found 3 plugins.
Preloading 0 native plugins for Editor in 0.00 ms.
Unloading 3104 Unused Serialized files (Serialized files now loaded: 0)
Unloading 19 unused Assets / (55.2 KB). Loaded Objects now: 3574.
Memory consumption went from 123.5 MB to 123.5 MB.
Total: 3.810600 ms (FindLiveObjects: 0.277500 ms CreateObjectMapping: 0.346400 ms MarkObjects: 3.034300 ms  DeleteObjects: 0.150800 ms)

AssetImportParameters requested are different than current active one (requested -> active):
  custom:container-demuxer-ogg: 62fdf1f143b41e24485cea50d1cbac27 -> 
  custom:video-codec-MediaFoundation-h265: 746d11721c4dcdbdad8f713fa42b33f4 -> 
  custom:video-decoder-ogg-theora: a1e56fd34408186e4bbccfd4996cb3dc -> 
  custom:framework-win-MediaFoundation: 216162199b28c13a410421893ffa2e32 -> 
  custom:CustomObjectIndexerAttribute: 9a22284fe3817be447336de3de66b15e -> 
  custom:container-demuxer-webm: 4f35f7cbe854078d1ac9338744f61a02 -> 
  custom:container-muxer-webm: aa71ff27fc2769a1b78a27578f13a17b -> 
  custom:video-decoder-webm-vp8: 9c59270c3fd7afecdb556c50c9e8de78 -> 
  custom:SearchIndexIgnoredProperties: e643bd26f0fe6173181afceb89e7c659 -> 
  custom:AudioImporter_EditorPlatform: d09bf68614088b80899f8185d706f6e7 -> 
  custom:video-encoder-webm-vp8: eb34c28f22e8b96e1ab97ce403110664 -> 
  custom:audio-decoder-ogg-vorbis: bf7c407c2cedff20999df2af8eb42d56 -> 
  custom:audio-encoder-webm-vorbis: bf7c407c2cedff20999df2af8eb42d56 -> 
========================================================================
Received Import Request.
  Time since last request: 256997.961011 seconds.
  path: Assets/Class13th (Light System)/Scenes/Class13th Scene.unity
  artifactKey: Guid(974661264d99cc749a0ebc626136efd4) Importer(815301076,1909f56bfc062723c751e8b465ee728b)
Start importing Assets/Class13th (Light System)/Scenes/Class13th Scene.unity using Guid(974661264d99cc749a0ebc626136efd4) Importer(815301076,1909f56bfc062723c751e8b465ee728b) [PhysX] Initialized MultithreadedTaskDispatcher with 8 workers.
 -> (artifact id: '870d23418c5ff3070994cd8a2c1254b5') in 0.003260 seconds
Number of updated asset objects reloaded before import = 0
Number of asset objects unloaded after import = 0
========================================================================
Received Import Request.
  Time since last request: 322.482002 seconds.
  path: Assets/Class13th (Light System)/Hyper casual cartoon castles/Prefab/Objects/CS_Blue_Block Variant.prefab
  artifactKey: Guid(3b0c8bd87bb870947b3353a993525734) Importer(815301076,1909f56bfc062723c751e8b465ee728b)
Start importing Assets/Class13th (Light System)/Hyper casual cartoon castles/Prefab/Objects/CS_Blue_Block Variant.prefab using Guid(3b0c8bd87bb870947b3353a993525734) Importer(815301076,1909f56bfc062723c751e8b465ee728b) [PhysX] Initialized MultithreadedTaskDispatcher with 8 workers.
[PhysX] Initialized MultithreadedTaskDispatcher with 8 workers.
 -> (artifact id: '43a722a7ff5d3829ed1eafc13580802f') in 0.147111 seconds
Number of updated asset objects reloaded before import = 0
Number of asset objects unloaded after import = 17
========================================================================
Received Import Request.
  Time since last request: 0.000030 seconds.
  path: Assets/Class13th (Light System)/Hyper casual cartoon castles/Prefab/Objects/CS_GrassPatch Variant.prefab
  artifactKey: Guid(3513678def64c374e94bf2e3919618f2) Importer(815301076,1909f56bfc062723c751e8b465ee728b)
Start importing Assets/Class13th (Light System)/Hyper casual cartoon castles/Prefab/Objects/CS_GrassPatch Variant.prefab using Guid(3513678def64c374e94bf2e3919618f2) Importer(815301076,1909f56bfc062723c751e8b465ee728b) [PhysX] Initialized MultithreadedTaskDispatcher with 8 workers.
[PhysX] Initialized MultithreadedTaskDispatcher with 8 workers.
 -> (artifact id: '34eb54ccf65030bef39534ce75a5c551') in 0.019153 seconds
Number of updated asset objects reloaded before import = 0
Number of asset objects unloaded after import = 17
========================================================================
Received Import Request.
  Time since last request: 0.000037 seconds.
  path: Assets/Class13th (Light System)/Hyper casual cartoon castles/Prefab/Objects/CS_YellowFlower Variant.prefab
  artifactKey: Guid(59d9d77555afe2e41a9984569ffa4bb0) Importer(815301076,1909f56bfc062723c751e8b465ee728b)
Start importing Assets/Class13th (Light System)/Hyper casual cartoon castles/Prefab/Objects/CS_YellowFlower Variant.prefab using Guid(59d9d77555afe2e41a9984569ffa4bb0) Importer(815301076,1909f56bfc062723c751e8b465ee728b) [PhysX] Initialized MultithreadedTaskDispatcher with 8 workers.
[PhysX] Initialized MultithreadedTaskDispatcher with 8 workers.
 -> (artifact id: 'ce3c866b1914e59f70eb92b999ac24c9') in 0.024767 seconds
Number of updated asset objects reloaded before import = 0
Number of asset objects unloaded after import = 17
========================================================================
Received Import Request.
  Time since last request: 0.000030 seconds.
  path: Assets/Class13th (Light System)/Hyper casual cartoon castles/Prefab/Objects/CS_Tree Variant.prefab
  artifactKey: Guid(1524e5f41144e22418f0c1b72be84974) Importer(815301076,1909f56bfc062723c751e8b465ee728b)
Start importing Assets/Class13th (Light System)/Hyper casual cartoon castles/Prefab/Objects/CS_Tree Variant.prefab using Guid(1524e5f41144e22418f0c1b72be84974) Importer(815301076,1909f56bfc062723c751e8b465ee728b) [PhysX] Initialized MultithreadedTaskDispatcher with 8 workers.
[PhysX] Initialized MultithreadedTaskDispatcher with 8 workers.
 -> (artifact id: '41a1b847ad4264f78287d87ac901d2ee') in 0.019760 seconds
Number of updated asset objects reloaded before import = 0
Number of asset objects unloaded after import = 17
========================================================================
Received Import Request.
  Time since last request: 0.000022 seconds.
  path: Assets/Class13th (Light System)/Hyper casual cartoon castles/Prefab/Objects/CS_Fountain Variant.prefab
  artifactKey: Guid(5471d065044113c4b99d883eb0e99145) Importer(815301076,1909f56bfc062723c751e8b465ee728b)
Start importing Assets/Class13th (Light System)/Hyper casual cartoon castles/Prefab/Objects/CS_Fountain Variant.prefab using Guid(5471d065044113c4b99d883eb0e99145) Importer(815301076,1909f56bfc062723c751e8b465ee728b) [PhysX] Initialized MultithreadedTaskDispatcher with 8 workers.
[PhysX] Initialized MultithreadedTaskDispatcher with 8 workers.
 -> (artifact id: 'd58b656ec3d9816a523a14c2dd4d4cfd') in 0.019445 seconds
Number of updated asset objects reloaded before import = 0
Number of asset objects unloaded after import = 17
========================================================================
Received Import Request.
  Time since last request: 3.364749 seconds.
  path: Assets/Class13th (Light System)/Hyper casual cartoon castles/Prefab/Castles/BigCastle/CS_Big_Castle_Stage02 Variant.prefab
  artifactKey: Guid(fbdbe3efe1ab8854fbec85c295247034) Importer(815301076,1909f56bfc062723c751e8b465ee728b)
Start importing Assets/Class13th (Light System)/Hyper casual cartoon castles/Prefab/Castles/BigCastle/CS_Big_Castle_Stage02 Variant.prefab using Guid(fbdbe3efe1ab8854fbec85c295247034) Importer(815301076,1909f56bfc062723c751e8b465ee728b) [PhysX] Initialized MultithreadedTaskDispatcher with 8 workers.
[PhysX] Initialized MultithreadedTaskDispatcher with 8 workers.
 -> (artifact id: '3a3d59f16f94e7ca0630524a1e6adb5e') in 0.030661 seconds
Number of updated asset objects reloaded before import = 0
Number of asset objects unloaded after import = 17
========================================================================
Received Import Request.
  Time since last request: 0.881325 seconds.
  path: Assets/Class13th (Light System)/Hyper casual cartoon castles/Prefab/Castles/EvilCastle/CS_Evil_Castle_Stage02 Variant.prefab
  artifactKey: Guid(5256e95745d64174399f98bed56a1696) Importer(815301076,1909f56bfc062723c751e8b465ee728b)
Start importing Assets/Class13th (Light System)/Hyper casual cartoon castles/Prefab/Castles/EvilCastle/CS_Evil_Castle_Stage02 Variant.prefab using Guid(5256e95745d64174399f98bed56a1696) Importer(815301076,1909f56bfc062723c751e8b465ee728b) [PhysX] Initialized MultithreadedTaskDispatcher with 8 workers.
[PhysX] Initialized MultithreadedTaskDispatcher with 8 workers.
 -> (artifact id: 'b8c08cfe6dd6bce3a04639dab7b05859') in 0.032972 seconds
Number of updated asset objects reloaded before import = 0
Number of asset objects unloaded after import = 17
========================================================================
Received Import Request.
  Time since last request: 0.782381 seconds.
  path: Assets/Class13th (Light System)/Hyper casual cartoon castles/Prefab/Castles/HexagonCastle/CS_Hexagon_Castle_Stage02 Variant.prefab
  artifactKey: Guid(eb6bf577cfeddcd459222445fefb9f6f) Importer(815301076,1909f56bfc062723c751e8b465ee728b)
Start importing Assets/Class13th (Light System)/Hyper casual cartoon castles/Prefab/Castles/HexagonCastle/CS_Hexagon_Castle_Stage02 Variant.prefab using Guid(eb6bf577cfeddcd459222445fefb9f6f) Importer(815301076,1909f56bfc062723c751e8b465ee728b) [PhysX] Initialized MultithreadedTaskDispatcher with 8 workers.
[PhysX] Initialized MultithreadedTaskDispatcher with 8 workers.
 -> (artifact id: 'ea9979e0ffbd94c3a8f30462d807d368') in 0.022526 seconds
Number of updated asset objects reloaded before import = 0
Number of asset objects unloaded after import = 17
========================================================================
Received Import Request.
  Time since last request: 0.824315 seconds.
  path: Assets/Class13th (Light System)/Hyper casual cartoon castles/Prefab/Castles/SmallCastle/CS_Small_Castle_Stage02 Variant.prefab
  artifactKey: Guid(213b48a1a7aa21e4790c2a07fd024b58) Importer(815301076,1909f56bfc062723c751e8b465ee728b)
Start importing Assets/Class13th (Light System)/Hyper casual cartoon castles/Prefab/Castles/SmallCastle/CS_Small_Castle_Stage02 Variant.prefab using Guid(213b48a1a7aa21e4790c2a07fd024b58) Importer(815301076,1909f56bfc062723c751e8b465ee728b) [PhysX] Initialized MultithreadedTaskDispatcher with 8 workers.
[PhysX] Initialized MultithreadedTaskDispatcher with 8 workers.
 -> (artifact id: '241668b4bd571602ec5c6d2f78c8bebe') in 0.021767 seconds
Number of updated asset objects reloaded before import = 0
Number of asset objects unloaded after import = 17
========================================================================
Received Import Request.
  Time since last request: 71.976280 seconds.
  path: Assets/Class13th (Light System)/Hyper casual cartoon castles/Prefab/RoadConstructor/CS_Road_end Variant.prefab
  artifactKey: Guid(469d49deabc630f469048fe157e79e95) Importer(815301076,1909f56bfc062723c751e8b465ee728b)
Start importing Assets/Class13th (Light System)/Hyper casual cartoon castles/Prefab/RoadConstructor/CS_Road_end Variant.prefab using Guid(469d49deabc630f469048fe157e79e95) Importer(815301076,1909f56bfc062723c751e8b465ee728b) [PhysX] Initialized MultithreadedTaskDispatcher with 8 workers.
[PhysX] Initialized MultithreadedTaskDispatcher with 8 workers.
 -> (artifact id: '3ba33e7c0c8a9bac6b0ed7bee4d8893f') in 0.033738 seconds
Number of updated asset objects reloaded before import = 0
Number of asset objects unloaded after import = 17
========================================================================
Received Import Request.
  Time since last request: 0.000019 seconds.
  path: Assets/Class13th (Light System)/Hyper casual cartoon castles/Prefab/RoadConstructor/CS_Road_Turn Variant.prefab
  artifactKey: Guid(0329016c51381e740a614af8f07a88d6) Importer(815301076,1909f56bfc062723c751e8b465ee728b)
Start importing Assets/Class13th (Light System)/Hyper casual cartoon castles/Prefab/RoadConstructor/CS_Road_Turn Variant.prefab using Guid(0329016c51381e740a614af8f07a88d6) Importer(815301076,1909f56bfc062723c751e8b465ee728b) [PhysX] Initialized MultithreadedTaskDispatcher with 8 workers.
[PhysX] Initialized MultithreadedTaskDispatcher with 8 workers.
 -> (artifact id: '6215c53bfad8cb0230f8b3cece479445') in 0.023800 seconds
Number of updated asset objects reloaded before import = 0
Number of asset objects unloaded after import = 17
========================================================================
Received Prepare
Caller must complete domain reload
Begin MonoManager ReloadAssembly
- Loaded All Assemblies, in  0.431 seconds
Native extension for WindowsStandalone target not found
[Package Manager] Server::EnsureServerProcessIsRunning -- launch failed, reason: Unity was launched with the -noUpm command-line argument
[Package Manager] UpmClient::Send -- Unable to send message (not connected to UPM process).
[Package Manager] Cannot connect to Unity Package Manager local server
Mono: successfully reloaded assembly
- Finished resetting the current domain, in  1.461 seconds
Domain Reload Profiling: 1889ms
	BeginReloadAssembly (166ms)
		ExecutionOrderSort (0ms)
		DisableScriptedObjects (7ms)
		BackupInstance (0ms)
		ReleaseScriptingObjects (0ms)
		CreateAndSetChildDomain (41ms)
	RebuildCommonClasses (34ms)
	RebuildNativeTypeToScriptingClass (17ms)
	initialDomainReloadingComplete (27ms)
	LoadAllAssembliesAndSetupDomain (184ms)
		LoadAssemblies (259ms)
		RebuildTransferFunctionScriptingTraits (0ms)
		AnalyzeDomain (12ms)
			TypeCache.Refresh (5ms)
				TypeCache.ScanAssembly (0ms)
			ScanForSourceGeneratedMonoScriptInfo (0ms)
			ResolveRequiredComponents (5ms)
	FinalizeReload (1462ms)
		ReleaseScriptCaches (0ms)
		RebuildScriptCaches (0ms)
		SetupLoadedEditorAssemblies (876ms)
			LogAssemblyErrors (0ms)
			InitializePlatformSupportModulesInManaged (10ms)
			SetLoadedEditorAssemblies (7ms)
			RefreshPlugins (0ms)
			BeforeProcessingInitializeOnLoad (93ms)
			ProcessInitializeOnLoadAttributes (703ms)
			ProcessInitializeOnLoadMethodAttributes (51ms)
			AfterProcessingInitializeOnLoad (12ms)
			EditorAssembliesLoaded (0ms)
		ExecutionOrderSort2 (0ms)
		AwakeInstancesAfterBackupRestoration (13ms)
Refreshing native plugins compatible for Editor in 8.20 ms, found 3 plugins.
Preloading 0 native plugins for Editor in 0.00 ms.
Unloading 3096 Unused Serialized files (Serialized files now loaded: 0)
Unloading 14 unused Assets / (28.5 KB). Loaded Objects now: 3585.
Memory consumption went from 127.2 MB to 127.2 MB.
Total: 7.514600 ms (FindLiveObjects: 0.320500 ms CreateObjectMapping: 0.329400 ms MarkObjects: 6.806800 ms  DeleteObjects: 0.056000 ms)

Prepare: number of updated asset objects reloaded= 0
AssetImportParameters requested are different than current active one (requested -> active):
  custom:container-demuxer-ogg: 62fdf1f143b41e24485cea50d1cbac27 -> 
  custom:video-codec-MediaFoundation-h265: 746d11721c4dcdbdad8f713fa42b33f4 -> 
  custom:video-decoder-ogg-theora: a1e56fd34408186e4bbccfd4996cb3dc -> 
  custom:framework-win-MediaFoundation: 216162199b28c13a410421893ffa2e32 -> 
  custom:CustomObjectIndexerAttribute: 9a22284fe3817be447336de3de66b15e -> 
  custom:container-demuxer-webm: 4f35f7cbe854078d1ac9338744f61a02 -> 
  custom:container-muxer-webm: aa71ff27fc2769a1b78a27578f13a17b -> 
  custom:video-decoder-webm-vp8: 9c59270c3fd7afecdb556c50c9e8de78 -> 
  custom:SearchIndexIgnoredProperties: e643bd26f0fe6173181afceb89e7c659 -> 
  custom:AudioImporter_EditorPlatform: d09bf68614088b80899f8185d706f6e7 -> 
  custom:video-encoder-webm-vp8: eb34c28f22e8b96e1ab97ce403110664 -> 
  custom:audio-decoder-ogg-vorbis: bf7c407c2cedff20999df2af8eb42d56 -> 
  custom:audio-encoder-webm-vorbis: bf7c407c2cedff20999df2af8eb42d56 -> 
